<?xml version="1.0" encoding="UTF-8" ?>
<testsuite tests="4" failures="0" name="wx.inmemory.InMemoryAuthControllerIntegrationTest" time="0.525" errors="0" skipped="0">
  <properties>
    <property name="java.runtime.name" value="Java(TM) SE Runtime Environment"/>
    <property name="sun.boot.library.path" value="/Users/apple/.sdkman/candidates/java/8u121/jre/lib"/>
    <property name="java.vm.version" value="25.121-b13"/>
    <property name="gopherProxySet" value="false"/>
    <property name="java.vm.vendor" value="Oracle Corporation"/>
    <property name="maven.multiModuleProjectDirectory" value="/Users/apple/SDK/Go/src/github.com/wxyyxc1992/Backend-Boilerplate/spring/spring-security-5"/>
    <property name="java.vendor.url" value="http://java.oracle.com/"/>
    <property name="path.separator" value=":"/>
    <property name="guice.disable.misplaced.annotation.check" value="true"/>
    <property name="java.vm.name" value="Java HotSpot(TM) 64-Bit Server VM"/>
    <property name="file.encoding.pkg" value="sun.io"/>
    <property name="user.country" value="CN"/>
    <property name="sun.java.launcher" value="SUN_STANDARD"/>
    <property name="sun.os.patch.level" value="unknown"/>
    <property name="java.vm.specification.name" value="Java Virtual Machine Specification"/>
    <property name="user.dir" value="/Users/apple/SDK/Go/src/github.com/wxyyxc1992/Backend-Boilerplate/spring/spring-security-5"/>
    <property name="java.runtime.version" value="1.8.0_121-b13"/>
    <property name="java.awt.graphicsenv" value="sun.awt.CGraphicsEnvironment"/>
    <property name="java.endorsed.dirs" value="/Users/apple/.sdkman/candidates/java/8u121/jre/lib/endorsed"/>
    <property name="os.arch" value="x86_64"/>
    <property name="java.io.tmpdir" value="/var/folders/rg/sm7x4jy5693_v0nqgvq75mzh0000gn/T/"/>
    <property name="line.separator" value="
"/>
    <property name="java.vm.specification.vendor" value="Oracle Corporation"/>
    <property name="os.name" value="Mac OS X"/>
    <property name="classworlds.conf" value="/Users/apple/.sdkman/candidates/maven/current/bin/m2.conf"/>
    <property name="sun.jnu.encoding" value="UTF-8"/>
    <property name="java.library.path" value="/Users/apple/Library/Java/Extensions:/Library/Java/Extensions:/Network/Library/Java/Extensions:/System/Library/Java/Extensions:/usr/lib/java:."/>
    <property name="maven.conf" value="/Users/apple/.sdkman/candidates/maven/current/conf"/>
    <property name="java.specification.name" value="Java Platform API Specification"/>
    <property name="java.class.version" value="52.0"/>
    <property name="sun.management.compiler" value="HotSpot 64-Bit Tiered Compilers"/>
    <property name="os.version" value="10.14"/>
    <property name="library.jansi.path" value="/Users/apple/.sdkman/candidates/maven/current/lib/jansi-native"/>
    <property name="user.home" value="/Users/apple"/>
    <property name="user.timezone" value="Asia/Shanghai"/>
    <property name="java.awt.printerjob" value="sun.lwawt.macosx.CPrinterJob"/>
    <property name="java.specification.version" value="1.8"/>
    <property name="file.encoding" value="UTF-8"/>
    <property name="user.name" value="apple"/>
    <property name="java.class.path" value="/Users/apple/.sdkman/candidates/maven/current/boot/plexus-classworlds-2.5.2.jar"/>
    <property name="java.vm.specification.version" value="1.8"/>
    <property name="sun.arch.data.model" value="64"/>
    <property name="java.home" value="/Users/apple/.sdkman/candidates/java/8u121/jre"/>
    <property name="sun.java.command" value="org.codehaus.plexus.classworlds.launcher.Launcher install"/>
    <property name="java.specification.vendor" value="Oracle Corporation"/>
    <property name="user.language" value="zh"/>
    <property name="awt.toolkit" value="sun.lwawt.macosx.LWCToolkit"/>
    <property name="java.vm.info" value="mixed mode"/>
    <property name="java.version" value="1.8.0_121"/>
    <property name="java.ext.dirs" value="/Users/apple/Library/Java/Extensions:/Users/apple/.sdkman/candidates/java/8u121/jre/lib/ext:/Library/Java/Extensions:/Network/Library/Java/Extensions:/System/Library/Java/Extensions:/usr/lib/java"/>
    <property name="sun.boot.class.path" value="/Users/apple/.sdkman/candidates/java/8u121/jre/lib/resources.jar:/Users/apple/.sdkman/candidates/java/8u121/jre/lib/rt.jar:/Users/apple/.sdkman/candidates/java/8u121/jre/lib/sunrsasign.jar:/Users/apple/.sdkman/candidates/java/8u121/jre/lib/jsse.jar:/Users/apple/.sdkman/candidates/java/8u121/jre/lib/jce.jar:/Users/apple/.sdkman/candidates/java/8u121/jre/lib/charsets.jar:/Users/apple/.sdkman/candidates/java/8u121/jre/lib/jfr.jar:/Users/apple/.sdkman/candidates/java/8u121/jre/classes"/>
    <property name="java.vendor" value="Oracle Corporation"/>
    <property name="maven.home" value="/Users/apple/.sdkman/candidates/maven/current"/>
    <property name="file.separator" value="/"/>
    <property name="java.vendor.url.bug" value="http://bugreport.sun.com/bugreport/"/>
    <property name="sun.cpu.endian" value="little"/>
    <property name="sun.io.unicode.encoding" value="UnicodeBig"/>
    <property name="sun.cpu.isalist" value=""/>
  </properties>
  <testcase classname="wx.inmemory.InMemoryAuthControllerIntegrationTest" name="givenAuthRequestOnPrivateService_shouldSucceedWith200" time="0.385"/>
  <testcase classname="wx.inmemory.InMemoryAuthControllerIntegrationTest" name="givenRequestOnPublicService_shouldSucceedWith200" time="0.005"/>
  <testcase classname="wx.inmemory.InMemoryAuthControllerIntegrationTest" name="givenRequestOnPrivateService_shouldFailWith401" time="0.042"/>
  <testcase classname="wx.inmemory.InMemoryAuthControllerIntegrationTest" name="givenInvalidAuthRequestOnPrivateService_shouldSucceedWith200" time="0.093"/>
</testsuite>